0 info it worked if it ends with ok
1 verbose cli [ 'node', '/usr/local/bin/npm', 'install' ]
2 info using npm@1.3.24
3 info using node@v0.10.25
4 warn package.json cooperapp@0.1.0 No repository field.
5 verbose readDependencies using package.json deps
6 verbose install where, deps [ '/Applications/MAMP/htdocs/cooperapp',
6 verbose install   [ 'grunt',
6 verbose install     'grunt-contrib-jshint',
6 verbose install     'grunt-contrib-nodeunit',
6 verbose install     'grunt-contrib-uglify',
6 verbose install     'grunt-contrib-cssmin',
6 verbose install     'grunt-contrib-coffee',
6 verbose install     'grunt-contrib-htmlmin',
6 verbose install     'grunt-contrib-htmlhint',
6 verbose install     'grunt-groc',
6 verbose install     'grunt-coffeelint',
6 verbose install     'grunt-contrib-copy' ] ]
7 info preinstall cooperapp@0.1.0
8 verbose readDependencies using package.json deps
9 verbose cache add [ 'grunt-contrib-nodeunit@~0.2.0', null ]
10 verbose cache add name=undefined spec="grunt-contrib-nodeunit@~0.2.0" args=["grunt-contrib-nodeunit@~0.2.0",null]
11 verbose parsed url { protocol: null,
11 verbose parsed url   slashes: null,
11 verbose parsed url   auth: null,
11 verbose parsed url   host: null,
11 verbose parsed url   port: null,
11 verbose parsed url   hostname: null,
11 verbose parsed url   hash: null,
11 verbose parsed url   search: null,
11 verbose parsed url   query: null,
11 verbose parsed url   pathname: 'grunt-contrib-nodeunit@~0.2.0',
11 verbose parsed url   path: 'grunt-contrib-nodeunit@~0.2.0',
11 verbose parsed url   href: 'grunt-contrib-nodeunit@~0.2.0' }
12 verbose cache add name="grunt-contrib-nodeunit" spec="~0.2.0" args=["grunt-contrib-nodeunit","~0.2.0"]
13 verbose parsed url { protocol: null,
13 verbose parsed url   slashes: null,
13 verbose parsed url   auth: null,
13 verbose parsed url   host: null,
13 verbose parsed url   port: null,
13 verbose parsed url   hostname: null,
13 verbose parsed url   hash: null,
13 verbose parsed url   search: null,
13 verbose parsed url   query: null,
13 verbose parsed url   pathname: '~0.2.0',
13 verbose parsed url   path: '~0.2.0',
13 verbose parsed url   href: '~0.2.0' }
14 verbose addNamed [ 'grunt-contrib-nodeunit', '~0.2.0' ]
15 verbose addNamed [ null, '>=0.2.0-0 <0.3.0-0' ]
16 verbose cache add [ 'grunt-contrib-cssmin@', null ]
17 verbose cache add name=undefined spec="grunt-contrib-cssmin@" args=["grunt-contrib-cssmin@",null]
18 verbose parsed url { protocol: null,
18 verbose parsed url   slashes: null,
18 verbose parsed url   auth: null,
18 verbose parsed url   host: null,
18 verbose parsed url   port: null,
18 verbose parsed url   hostname: null,
18 verbose parsed url   hash: null,
18 verbose parsed url   search: null,
18 verbose parsed url   query: null,
18 verbose parsed url   pathname: 'grunt-contrib-cssmin@',
18 verbose parsed url   path: 'grunt-contrib-cssmin@',
18 verbose parsed url   href: 'grunt-contrib-cssmin@' }
19 verbose cache add name="grunt-contrib-cssmin" spec="" args=["grunt-contrib-cssmin",""]
20 verbose parsed url { protocol: null,
20 verbose parsed url   slashes: null,
20 verbose parsed url   auth: null,
20 verbose parsed url   host: null,
20 verbose parsed url   port: null,
20 verbose parsed url   hostname: null,
20 verbose parsed url   hash: null,
20 verbose parsed url   search: null,
20 verbose parsed url   query: null,
20 verbose parsed url   pathname: null,
20 verbose parsed url   path: null,
20 verbose parsed url   href: '' }
21 verbose addNamed [ 'grunt-contrib-cssmin', '' ]
22 verbose addNamed [ null, '*' ]
23 verbose cache add [ 'grunt-contrib-uglify@~0.2.2', null ]
24 verbose cache add name=undefined spec="grunt-contrib-uglify@~0.2.2" args=["grunt-contrib-uglify@~0.2.2",null]
25 verbose parsed url { protocol: null,
25 verbose parsed url   slashes: null,
25 verbose parsed url   auth: null,
25 verbose parsed url   host: null,
25 verbose parsed url   port: null,
25 verbose parsed url   hostname: null,
25 verbose parsed url   hash: null,
25 verbose parsed url   search: null,
25 verbose parsed url   query: null,
25 verbose parsed url   pathname: 'grunt-contrib-uglify@~0.2.2',
25 verbose parsed url   path: 'grunt-contrib-uglify@~0.2.2',
25 verbose parsed url   href: 'grunt-contrib-uglify@~0.2.2' }
26 verbose cache add name="grunt-contrib-uglify" spec="~0.2.2" args=["grunt-contrib-uglify","~0.2.2"]
27 verbose parsed url { protocol: null,
27 verbose parsed url   slashes: null,
27 verbose parsed url   auth: null,
27 verbose parsed url   host: null,
27 verbose parsed url   port: null,
27 verbose parsed url   hostname: null,
27 verbose parsed url   hash: null,
27 verbose parsed url   search: null,
27 verbose parsed url   query: null,
27 verbose parsed url   pathname: '~0.2.2',
27 verbose parsed url   path: '~0.2.2',
27 verbose parsed url   href: '~0.2.2' }
28 verbose addNamed [ 'grunt-contrib-uglify', '~0.2.2' ]
29 verbose addNamed [ null, '>=0.2.2-0 <0.3.0-0' ]
30 verbose cache add [ 'grunt-contrib-coffee@', null ]
31 verbose cache add name=undefined spec="grunt-contrib-coffee@" args=["grunt-contrib-coffee@",null]
32 verbose parsed url { protocol: null,
32 verbose parsed url   slashes: null,
32 verbose parsed url   auth: null,
32 verbose parsed url   host: null,
32 verbose parsed url   port: null,
32 verbose parsed url   hostname: null,
32 verbose parsed url   hash: null,
32 verbose parsed url   search: null,
32 verbose parsed url   query: null,
32 verbose parsed url   pathname: 'grunt-contrib-coffee@',
32 verbose parsed url   path: 'grunt-contrib-coffee@',
32 verbose parsed url   href: 'grunt-contrib-coffee@' }
33 verbose cache add name="grunt-contrib-coffee" spec="" args=["grunt-contrib-coffee",""]
34 verbose parsed url { protocol: null,
34 verbose parsed url   slashes: null,
34 verbose parsed url   auth: null,
34 verbose parsed url   host: null,
34 verbose parsed url   port: null,
34 verbose parsed url   hostname: null,
34 verbose parsed url   hash: null,
34 verbose parsed url   search: null,
34 verbose parsed url   query: null,
34 verbose parsed url   pathname: null,
34 verbose parsed url   path: null,
34 verbose parsed url   href: '' }
35 verbose addNamed [ 'grunt-contrib-coffee', '' ]
36 verbose addNamed [ null, '*' ]
37 silly lockFile ac0ef488-grunt-contrib-nodeunit-0-2-0 grunt-contrib-nodeunit@~0.2.0
38 verbose lock grunt-contrib-nodeunit@~0.2.0 /Users/manuelpachon1/.npm/ac0ef488-grunt-contrib-nodeunit-0-2-0.lock
39 silly lockFile b94ab2cf-grunt-contrib-cssmin grunt-contrib-cssmin@
40 verbose lock grunt-contrib-cssmin@ /Users/manuelpachon1/.npm/b94ab2cf-grunt-contrib-cssmin.lock
41 silly lockFile deac4dba-grunt-contrib-uglify-0-2-2 grunt-contrib-uglify@~0.2.2
42 verbose lock grunt-contrib-uglify@~0.2.2 /Users/manuelpachon1/.npm/deac4dba-grunt-contrib-uglify-0-2-2.lock
43 verbose cache add [ 'grunt-contrib-htmlmin@', null ]
44 verbose cache add name=undefined spec="grunt-contrib-htmlmin@" args=["grunt-contrib-htmlmin@",null]
45 verbose parsed url { protocol: null,
45 verbose parsed url   slashes: null,
45 verbose parsed url   auth: null,
45 verbose parsed url   host: null,
45 verbose parsed url   port: null,
45 verbose parsed url   hostname: null,
45 verbose parsed url   hash: null,
45 verbose parsed url   search: null,
45 verbose parsed url   query: null,
45 verbose parsed url   pathname: 'grunt-contrib-htmlmin@',
45 verbose parsed url   path: 'grunt-contrib-htmlmin@',
45 verbose parsed url   href: 'grunt-contrib-htmlmin@' }
46 verbose cache add name="grunt-contrib-htmlmin" spec="" args=["grunt-contrib-htmlmin",""]
47 verbose parsed url { protocol: null,
47 verbose parsed url   slashes: null,
47 verbose parsed url   auth: null,
47 verbose parsed url   host: null,
47 verbose parsed url   port: null,
47 verbose parsed url   hostname: null,
47 verbose parsed url   hash: null,
47 verbose parsed url   search: null,
47 verbose parsed url   query: null,
47 verbose parsed url   pathname: null,
47 verbose parsed url   path: null,
47 verbose parsed url   href: '' }
48 verbose addNamed [ 'grunt-contrib-htmlmin', '' ]
49 verbose addNamed [ null, '*' ]
50 silly lockFile 32c28686-grunt-contrib-htmlmin grunt-contrib-htmlmin@
51 verbose lock grunt-contrib-htmlmin@ /Users/manuelpachon1/.npm/32c28686-grunt-contrib-htmlmin.lock
52 verbose cache add [ 'grunt-contrib-htmlhint@', null ]
53 verbose cache add name=undefined spec="grunt-contrib-htmlhint@" args=["grunt-contrib-htmlhint@",null]
54 verbose parsed url { protocol: null,
54 verbose parsed url   slashes: null,
54 verbose parsed url   auth: null,
54 verbose parsed url   host: null,
54 verbose parsed url   port: null,
54 verbose parsed url   hostname: null,
54 verbose parsed url   hash: null,
54 verbose parsed url   search: null,
54 verbose parsed url   query: null,
54 verbose parsed url   pathname: 'grunt-contrib-htmlhint@',
54 verbose parsed url   path: 'grunt-contrib-htmlhint@',
54 verbose parsed url   href: 'grunt-contrib-htmlhint@' }
55 verbose cache add name="grunt-contrib-htmlhint" spec="" args=["grunt-contrib-htmlhint",""]
56 verbose parsed url { protocol: null,
56 verbose parsed url   slashes: null,
56 verbose parsed url   auth: null,
56 verbose parsed url   host: null,
56 verbose parsed url   port: null,
56 verbose parsed url   hostname: null,
56 verbose parsed url   hash: null,
56 verbose parsed url   search: null,
56 verbose parsed url   query: null,
56 verbose parsed url   pathname: null,
56 verbose parsed url   path: null,
56 verbose parsed url   href: '' }
57 verbose addNamed [ 'grunt-contrib-htmlhint', '' ]
58 verbose addNamed [ null, '*' ]
59 silly lockFile edc906d9-grunt-contrib-htmlhint grunt-contrib-htmlhint@
60 verbose lock grunt-contrib-htmlhint@ /Users/manuelpachon1/.npm/edc906d9-grunt-contrib-htmlhint.lock
61 verbose cache add [ 'grunt-groc@', null ]
62 verbose cache add name=undefined spec="grunt-groc@" args=["grunt-groc@",null]
63 verbose parsed url { protocol: null,
63 verbose parsed url   slashes: null,
63 verbose parsed url   auth: null,
63 verbose parsed url   host: null,
63 verbose parsed url   port: null,
63 verbose parsed url   hostname: null,
63 verbose parsed url   hash: null,
63 verbose parsed url   search: null,
63 verbose parsed url   query: null,
63 verbose parsed url   pathname: 'grunt-groc@',
63 verbose parsed url   path: 'grunt-groc@',
63 verbose parsed url   href: 'grunt-groc@' }
64 verbose cache add name="grunt-groc" spec="" args=["grunt-groc",""]
65 verbose parsed url { protocol: null,
65 verbose parsed url   slashes: null,
65 verbose parsed url   auth: null,
65 verbose parsed url   host: null,
65 verbose parsed url   port: null,
65 verbose parsed url   hostname: null,
65 verbose parsed url   hash: null,
65 verbose parsed url   search: null,
65 verbose parsed url   query: null,
65 verbose parsed url   pathname: null,
65 verbose parsed url   path: null,
65 verbose parsed url   href: '' }
66 verbose addNamed [ 'grunt-groc', '' ]
67 verbose addNamed [ null, '*' ]
68 silly lockFile a6759639-grunt-groc grunt-groc@
69 verbose lock grunt-groc@ /Users/manuelpachon1/.npm/a6759639-grunt-groc.lock
70 silly lockFile 5fd8084b-grunt-contrib-coffee grunt-contrib-coffee@
71 verbose lock grunt-contrib-coffee@ /Users/manuelpachon1/.npm/5fd8084b-grunt-contrib-coffee.lock
72 verbose cache add [ 'grunt-coffeelint@', null ]
73 verbose cache add name=undefined spec="grunt-coffeelint@" args=["grunt-coffeelint@",null]
74 verbose parsed url { protocol: null,
74 verbose parsed url   slashes: null,
74 verbose parsed url   auth: null,
74 verbose parsed url   host: null,
74 verbose parsed url   port: null,
74 verbose parsed url   hostname: null,
74 verbose parsed url   hash: null,
74 verbose parsed url   search: null,
74 verbose parsed url   query: null,
74 verbose parsed url   pathname: 'grunt-coffeelint@',
74 verbose parsed url   path: 'grunt-coffeelint@',
74 verbose parsed url   href: 'grunt-coffeelint@' }
75 verbose cache add name="grunt-coffeelint" spec="" args=["grunt-coffeelint",""]
76 verbose parsed url { protocol: null,
76 verbose parsed url   slashes: null,
76 verbose parsed url   auth: null,
76 verbose parsed url   host: null,
76 verbose parsed url   port: null,
76 verbose parsed url   hostname: null,
76 verbose parsed url   hash: null,
76 verbose parsed url   search: null,
76 verbose parsed url   query: null,
76 verbose parsed url   pathname: null,
76 verbose parsed url   path: null,
76 verbose parsed url   href: '' }
77 verbose addNamed [ 'grunt-coffeelint', '' ]
78 verbose addNamed [ null, '*' ]
79 silly lockFile 0c9768db-grunt-coffeelint grunt-coffeelint@
80 verbose lock grunt-coffeelint@ /Users/manuelpachon1/.npm/0c9768db-grunt-coffeelint.lock
81 verbose cache add [ 'grunt@~0.4.4', null ]
82 verbose cache add name=undefined spec="grunt@~0.4.4" args=["grunt@~0.4.4",null]
83 verbose parsed url { protocol: null,
83 verbose parsed url   slashes: null,
83 verbose parsed url   auth: null,
83 verbose parsed url   host: null,
83 verbose parsed url   port: null,
83 verbose parsed url   hostname: null,
83 verbose parsed url   hash: null,
83 verbose parsed url   search: null,
83 verbose parsed url   query: null,
83 verbose parsed url   pathname: 'grunt@~0.4.4',
83 verbose parsed url   path: 'grunt@~0.4.4',
83 verbose parsed url   href: 'grunt@~0.4.4' }
84 verbose cache add name="grunt" spec="~0.4.4" args=["grunt","~0.4.4"]
85 verbose parsed url { protocol: null,
85 verbose parsed url   slashes: null,
85 verbose parsed url   auth: null,
85 verbose parsed url   host: null,
85 verbose parsed url   port: null,
85 verbose parsed url   hostname: null,
85 verbose parsed url   hash: null,
85 verbose parsed url   search: null,
85 verbose parsed url   query: null,
85 verbose parsed url   pathname: '~0.4.4',
85 verbose parsed url   path: '~0.4.4',
85 verbose parsed url   href: '~0.4.4' }
86 verbose addNamed [ 'grunt', '~0.4.4' ]
87 verbose addNamed [ null, '>=0.4.4-0 <0.5.0-0' ]
88 silly lockFile c2e8a44a-grunt-0-4-4 grunt@~0.4.4
89 verbose lock grunt@~0.4.4 /Users/manuelpachon1/.npm/c2e8a44a-grunt-0-4-4.lock
90 verbose cache add [ 'grunt-contrib-copy@', null ]
91 verbose cache add name=undefined spec="grunt-contrib-copy@" args=["grunt-contrib-copy@",null]
92 verbose parsed url { protocol: null,
92 verbose parsed url   slashes: null,
92 verbose parsed url   auth: null,
92 verbose parsed url   host: null,
92 verbose parsed url   port: null,
92 verbose parsed url   hostname: null,
92 verbose parsed url   hash: null,
92 verbose parsed url   search: null,
92 verbose parsed url   query: null,
92 verbose parsed url   pathname: 'grunt-contrib-copy@',
92 verbose parsed url   path: 'grunt-contrib-copy@',
92 verbose parsed url   href: 'grunt-contrib-copy@' }
93 verbose cache add name="grunt-contrib-copy" spec="" args=["grunt-contrib-copy",""]
94 verbose parsed url { protocol: null,
94 verbose parsed url   slashes: null,
94 verbose parsed url   auth: null,
94 verbose parsed url   host: null,
94 verbose parsed url   port: null,
94 verbose parsed url   hostname: null,
94 verbose parsed url   hash: null,
94 verbose parsed url   search: null,
94 verbose parsed url   query: null,
94 verbose parsed url   pathname: null,
94 verbose parsed url   path: null,
94 verbose parsed url   href: '' }
95 verbose addNamed [ 'grunt-contrib-copy', '' ]
96 verbose addNamed [ null, '*' ]
97 silly lockFile 9ec4cea0-grunt-contrib-copy grunt-contrib-copy@
98 verbose lock grunt-contrib-copy@ /Users/manuelpachon1/.npm/9ec4cea0-grunt-contrib-copy.lock
99 verbose cache add [ 'grunt-contrib-jshint@~0.6.3', null ]
100 verbose cache add name=undefined spec="grunt-contrib-jshint@~0.6.3" args=["grunt-contrib-jshint@~0.6.3",null]
101 verbose parsed url { protocol: null,
101 verbose parsed url   slashes: null,
101 verbose parsed url   auth: null,
101 verbose parsed url   host: null,
101 verbose parsed url   port: null,
101 verbose parsed url   hostname: null,
101 verbose parsed url   hash: null,
101 verbose parsed url   search: null,
101 verbose parsed url   query: null,
101 verbose parsed url   pathname: 'grunt-contrib-jshint@~0.6.3',
101 verbose parsed url   path: 'grunt-contrib-jshint@~0.6.3',
101 verbose parsed url   href: 'grunt-contrib-jshint@~0.6.3' }
102 verbose cache add name="grunt-contrib-jshint" spec="~0.6.3" args=["grunt-contrib-jshint","~0.6.3"]
103 verbose parsed url { protocol: null,
103 verbose parsed url   slashes: null,
103 verbose parsed url   auth: null,
103 verbose parsed url   host: null,
103 verbose parsed url   port: null,
103 verbose parsed url   hostname: null,
103 verbose parsed url   hash: null,
103 verbose parsed url   search: null,
103 verbose parsed url   query: null,
103 verbose parsed url   pathname: '~0.6.3',
103 verbose parsed url   path: '~0.6.3',
103 verbose parsed url   href: '~0.6.3' }
104 verbose addNamed [ 'grunt-contrib-jshint', '~0.6.3' ]
105 verbose addNamed [ null, '>=0.6.3-0 <0.7.0-0' ]
106 silly lockFile 6f38214b-grunt-contrib-jshint-0-6-3 grunt-contrib-jshint@~0.6.3
107 verbose lock grunt-contrib-jshint@~0.6.3 /Users/manuelpachon1/.npm/6f38214b-grunt-contrib-jshint-0-6-3.lock
108 silly addNameRange { name: 'grunt-contrib-cssmin', range: '*', hasData: false }
109 silly addNameRange { name: 'grunt-contrib-uglify',
109 silly addNameRange   range: '>=0.2.2-0 <0.3.0-0',
109 silly addNameRange   hasData: false }
110 silly addNameRange { name: 'grunt-groc', range: '*', hasData: false }
111 silly addNameRange { name: 'grunt-contrib-coffee', range: '*', hasData: false }
112 silly addNameRange { name: 'grunt-coffeelint', range: '*', hasData: false }
113 silly addNameRange { name: 'grunt', range: '>=0.4.4-0 <0.5.0-0', hasData: false }
114 silly addNameRange { name: 'grunt-contrib-copy', range: '*', hasData: false }
115 silly addNameRange { name: 'grunt-contrib-jshint',
115 silly addNameRange   range: '>=0.6.3-0 <0.7.0-0',
115 silly addNameRange   hasData: false }
116 silly addNameRange { name: 'grunt-contrib-nodeunit',
116 silly addNameRange   range: '>=0.2.0-0 <0.3.0-0',
116 silly addNameRange   hasData: false }
117 silly addNameRange { name: 'grunt-contrib-htmlmin', range: '*', hasData: false }
118 silly addNameRange { name: 'grunt-contrib-htmlhint', range: '*', hasData: false }
119 verbose url raw grunt-contrib-htmlhint
120 verbose url resolving [ 'https://registry.npmjs.org/', './grunt-contrib-htmlhint' ]
121 verbose url resolved https://registry.npmjs.org/grunt-contrib-htmlhint
122 info trying registry request attempt 1 at 10:10:48
123 http GET https://registry.npmjs.org/grunt-contrib-htmlhint
124 verbose url raw grunt-groc
125 verbose url resolving [ 'https://registry.npmjs.org/', './grunt-groc' ]
126 verbose url resolved https://registry.npmjs.org/grunt-groc
127 info trying registry request attempt 1 at 10:10:49
128 verbose etag "6IFIA9O9KGWPGIZGK6J9Y8AN7"
129 http GET https://registry.npmjs.org/grunt-groc
130 verbose url raw grunt-contrib-coffee
131 verbose url resolving [ 'https://registry.npmjs.org/', './grunt-contrib-coffee' ]
132 verbose url resolved https://registry.npmjs.org/grunt-contrib-coffee
133 info trying registry request attempt 1 at 10:10:49
134 verbose etag "D37DKNZ79DML6CO968DP16TGR"
135 http GET https://registry.npmjs.org/grunt-contrib-coffee
136 verbose url raw grunt-contrib-uglify
137 verbose url resolving [ 'https://registry.npmjs.org/', './grunt-contrib-uglify' ]
138 verbose url resolved https://registry.npmjs.org/grunt-contrib-uglify
139 info trying registry request attempt 1 at 10:10:49
140 verbose etag "96THAZ0L2CYVT3GAC2WJTEDAZ"
141 http GET https://registry.npmjs.org/grunt-contrib-uglify
142 verbose url raw grunt-contrib-jshint
143 verbose url resolving [ 'https://registry.npmjs.org/', './grunt-contrib-jshint' ]
144 verbose url resolved https://registry.npmjs.org/grunt-contrib-jshint
145 info trying registry request attempt 1 at 10:10:49
146 verbose etag "AGG8N9HM0RX2HLFSZRB4E3L8Y"
147 http GET https://registry.npmjs.org/grunt-contrib-jshint
148 verbose url raw grunt-contrib-nodeunit
149 verbose url resolving [ 'https://registry.npmjs.org/', './grunt-contrib-nodeunit' ]
150 verbose url resolved https://registry.npmjs.org/grunt-contrib-nodeunit
151 info trying registry request attempt 1 at 10:10:49
152 verbose etag "BSHJPKJGMPBW87TO5XH7JHZJ3"
153 http GET https://registry.npmjs.org/grunt-contrib-nodeunit
154 verbose url raw grunt
155 verbose url resolving [ 'https://registry.npmjs.org/', './grunt' ]
156 verbose url resolved https://registry.npmjs.org/grunt
157 info trying registry request attempt 1 at 10:10:51
158 verbose etag "5FCUKLZPUNWN97KKNOHMYMO61"
159 http GET https://registry.npmjs.org/grunt
160 verbose url raw grunt-coffeelint
161 verbose url resolving [ 'https://registry.npmjs.org/', './grunt-coffeelint' ]
162 verbose url resolved https://registry.npmjs.org/grunt-coffeelint
163 info trying registry request attempt 1 at 10:10:51
164 verbose etag "4GH7PQQFB950N9E34W62AOS5Y"
165 http GET https://registry.npmjs.org/grunt-coffeelint
166 verbose url raw grunt-contrib-cssmin
167 verbose url resolving [ 'https://registry.npmjs.org/', './grunt-contrib-cssmin' ]
168 verbose url resolved https://registry.npmjs.org/grunt-contrib-cssmin
169 info trying registry request attempt 1 at 10:10:51
170 verbose etag "7N9SP6ZPAAI6FZKO2U2B9RLM5"
171 http GET https://registry.npmjs.org/grunt-contrib-cssmin
172 verbose url raw grunt-contrib-copy
173 verbose url resolving [ 'https://registry.npmjs.org/', './grunt-contrib-copy' ]
174 verbose url resolved https://registry.npmjs.org/grunt-contrib-copy
175 info trying registry request attempt 1 at 10:10:51
176 verbose etag "7FYCAQAKUYRZNKV4DRLC8CPQR"
177 http GET https://registry.npmjs.org/grunt-contrib-copy
178 verbose url raw grunt-contrib-htmlmin
179 verbose url resolving [ 'https://registry.npmjs.org/', './grunt-contrib-htmlmin' ]
180 verbose url resolved https://registry.npmjs.org/grunt-contrib-htmlmin
181 info trying registry request attempt 1 at 10:10:51
182 verbose etag "5DVRIMQZ015YFP9RLTITX677Z"
183 http GET https://registry.npmjs.org/grunt-contrib-htmlmin
184 http 304 https://registry.npmjs.org/grunt-contrib-uglify
185 silly registry.get cb [ 304,
185 silly registry.get   { date: 'Fri, 04 Apr 2014 15:10:52 GMT',
185 silly registry.get     server: 'Apache',
185 silly registry.get     via: '1.1 varnish',
185 silly registry.get     'last-modified': 'Fri, 04 Apr 2014 15:10:52 GMT',
185 silly registry.get     'cache-control': 'max-age=1',
185 silly registry.get     etag: '"96THAZ0L2CYVT3GAC2WJTEDAZ"',
185 silly registry.get     'x-served-by': 'cache-jfk1030-JFK',
185 silly registry.get     'x-cache': 'HIT',
185 silly registry.get     'x-cache-hits': '1',
185 silly registry.get     'x-timer': 'S1396624252.163666487,VS0,VE21',
185 silly registry.get     vary: 'Accept',
185 silly registry.get     'content-length': '0',
185 silly registry.get     'keep-alive': 'timeout=10, max=50',
185 silly registry.get     connection: 'Keep-Alive' } ]
186 verbose etag grunt-contrib-uglify from cache
187 silly addNameRange number 2 { name: 'grunt-contrib-uglify',
187 silly addNameRange   range: '>=0.2.2-0 <0.3.0-0',
187 silly addNameRange   hasData: true }
188 silly addNameRange versions [ 'grunt-contrib-uglify',
188 silly addNameRange   [ '0.1.0',
188 silly addNameRange     '0.1.1',
188 silly addNameRange     '0.1.2',
188 silly addNameRange     '0.2.0',
188 silly addNameRange     '0.2.1',
188 silly addNameRange     '0.2.2',
188 silly addNameRange     '0.2.3',
188 silly addNameRange     '0.2.4',
188 silly addNameRange     '0.2.5',
188 silly addNameRange     '0.2.6',
188 silly addNameRange     '0.2.7',
188 silly addNameRange     '0.3.0',
188 silly addNameRange     '0.3.1',
188 silly addNameRange     '0.1.1-rc5',
188 silly addNameRange     '0.1.1-rc6',
188 silly addNameRange     '0.3.2',
188 silly addNameRange     '0.3.3',
188 silly addNameRange     '0.4.0' ] ]
189 verbose addNamed [ 'grunt-contrib-uglify', '0.2.7' ]
190 verbose addNamed [ '0.2.7', '0.2.7' ]
191 silly lockFile 480328f6-grunt-contrib-uglify-0-2-7 grunt-contrib-uglify@0.2.7
192 verbose lock grunt-contrib-uglify@0.2.7 /Users/manuelpachon1/.npm/480328f6-grunt-contrib-uglify-0-2-7.lock
193 silly lockFile 480328f6-grunt-contrib-uglify-0-2-7 grunt-contrib-uglify@0.2.7
194 silly lockFile 480328f6-grunt-contrib-uglify-0-2-7 grunt-contrib-uglify@0.2.7
195 silly lockFile deac4dba-grunt-contrib-uglify-0-2-2 grunt-contrib-uglify@~0.2.2
196 silly lockFile deac4dba-grunt-contrib-uglify-0-2-2 grunt-contrib-uglify@~0.2.2
197 http 304 https://registry.npmjs.org/grunt-contrib-nodeunit
198 silly registry.get cb [ 304,
198 silly registry.get   { date: 'Fri, 04 Apr 2014 15:10:52 GMT',
198 silly registry.get     server: 'Apache',
198 silly registry.get     via: '1.1 varnish',
198 silly registry.get     'last-modified': 'Fri, 04 Apr 2014 15:10:52 GMT',
198 silly registry.get     'cache-control': 'max-age=1',
198 silly registry.get     etag: '"BSHJPKJGMPBW87TO5XH7JHZJ3"',
198 silly registry.get     'x-served-by': 'cache-jfk1030-JFK',
198 silly registry.get     'x-cache': 'MISS',
198 silly registry.get     'x-cache-hits': '0',
198 silly registry.get     'x-timer': 'S1396624252.323490143,VS0,VE21',
198 silly registry.get     vary: 'Accept',
198 silly registry.get     'content-length': '0',
198 silly registry.get     'keep-alive': 'timeout=10, max=49',
198 silly registry.get     connection: 'Keep-Alive' } ]
199 verbose etag grunt-contrib-nodeunit from cache
200 silly addNameRange number 2 { name: 'grunt-contrib-nodeunit',
200 silly addNameRange   range: '>=0.2.0-0 <0.3.0-0',
200 silly addNameRange   hasData: true }
201 silly addNameRange versions [ 'grunt-contrib-nodeunit',
201 silly addNameRange   [ '0.1.0',
201 silly addNameRange     '0.1.1',
201 silly addNameRange     '0.1.2',
201 silly addNameRange     '0.2.0',
201 silly addNameRange     '0.2.1',
201 silly addNameRange     '0.2.2',
201 silly addNameRange     '0.3.0',
201 silly addNameRange     '0.1.2-rc5',
201 silly addNameRange     '0.1.2-rc6',
201 silly addNameRange     '0.3.1',
201 silly addNameRange     '0.3.2',
201 silly addNameRange     '0.3.3' ] ]
202 verbose addNamed [ 'grunt-contrib-nodeunit', '0.2.2' ]
203 verbose addNamed [ '0.2.2', '0.2.2' ]
204 silly lockFile 483e218a-grunt-contrib-nodeunit-0-2-2 grunt-contrib-nodeunit@0.2.2
205 verbose lock grunt-contrib-nodeunit@0.2.2 /Users/manuelpachon1/.npm/483e218a-grunt-contrib-nodeunit-0-2-2.lock
206 http 404 https://registry.npmjs.org/grunt-contrib-htmlhint
207 silly registry.get cb [ 404,
207 silly registry.get   { date: 'Fri, 04 Apr 2014 15:10:52 GMT',
207 silly registry.get     server: 'CouchDB/1.5.0 (Erlang OTP/R16B)',
207 silly registry.get     'content-type': 'application/json',
207 silly registry.get     via: '1.1 varnish',
207 silly registry.get     'cache-control': 'max-age=0',
207 silly registry.get     'content-length': '52',
207 silly registry.get     'accept-ranges': 'bytes',
207 silly registry.get     age: '0',
207 silly registry.get     'x-served-by': 'cache-v44-ASH, cache-jfk1031-JFK',
207 silly registry.get     'x-cache': 'MISS, MISS',
207 silly registry.get     'x-cache-hits': '0, 0',
207 silly registry.get     'x-timer': 'S1396624252.282627344,VS0,VS3,VE83,VE88',
207 silly registry.get     'keep-alive': 'timeout=10, max=50',
207 silly registry.get     connection: 'Keep-Alive' } ]
208 silly lockFile edc906d9-grunt-contrib-htmlhint grunt-contrib-htmlhint@
209 silly lockFile edc906d9-grunt-contrib-htmlhint grunt-contrib-htmlhint@
210 error 404 'grunt-contrib-htmlhint' is not in the npm registry.
210 error 404 You should bug the author to publish it
210 error 404 It was specified as a dependency of 'cooperapp'
210 error 404
210 error 404 Note that you can also install from a
210 error 404 tarball, folder, or http url, or git url.
211 error System Darwin 13.1.0
212 error command "node" "/usr/local/bin/npm" "install"
213 error cwd /Applications/MAMP/htdocs/cooperapp
214 error node -v v0.10.25
215 error npm -v 1.3.24
216 error code E404
217 verbose exit [ 1, true ]
